   0  $accept : %entry% $end

   1  program : opt_terms stmts opt_terms Leof

   2  stmts :
   3        | stmt
   4        | stmts terms stmt

   5  stmt : Lident params_opt Leq expr
   6       | lvalue Lwrite expr
   7       | Lfor name_seq_list opt_terms stmts opt_terms Lend
   8       | Lreturn expr
   9       | expr

  10  params_opt :
  11             | Llparen params Lrparen

  12  params : Lident
  13         | params Lcomma Lident

  14  lvalue : Lident
  15         | Lident Llbracket expr Lrbracket
  16         | Lident Llbracket seq Lrbracket

  17  name_seq_list : name_seq
  18                | name_seq_list Lcomma name_seq

  19  name_seq : Lident Lin seq

  20  seq : Lident
  21      | expr Ldot2 expr

  22  expr : Lint
  23       | Lident
  24       | expr Lplus expr
  25       | expr Lminus expr
  26       | expr Lmul expr
  27       | expr Ldiv expr
  28       | expr Lmod expr
  29       | expr Lxor expr
  30       | expr Ldot2 expr
  31       | Llparen expr Lrparen
  32       | Lif condition then_ expr if_tail
  33       | Ldo opt_terms stmts opt_terms Lend
  34       | Llcurly opt_terms stmts opt_terms Lrcurly
  35       | Lident Llparen args Lrparen
  36       | Lident Llbracket expr Lrbracket
  37       | Lident Llbracket seq Lrbracket
  38       | Lpipe expr Lpipe
  39       | expr Lhead
  40       | expr Ltail
  41       | Lnew atype Llbracket expr Lrbracket
  42       | Lbackslash params Lfollow expr

  43  condition : expr Llt expr
  44            | expr Lgt expr
  45            | expr Leq expr
  46            | expr Lneq expr
  47            | condition Land condition
  48            | condition Lor condition

  49  args : expr
  50       | args Lcomma expr
  51       |

  52  then_ : Lthen
  53        | eol

  54  if_tail :
  55          | Lelse expr

  56  atype : Lbyte
  57        | Ltint

  58  term : Lsemi
  59       | eol

  60  eol : Leol
  61      | Lrem Leol

  62  terms : term
  63        | terms term

  64  opt_terms :
  65            | terms

  66  %entry% : '\001' program

state 0
	$accept : . %entry% $end  (0)

	'\001'  shift 1
	.  error

	%entry%  goto 2


1: shift/reduce conflict (shift 3, reduce 64) on Leol
1: shift/reduce conflict (shift 4, reduce 64) on Lsemi
1: shift/reduce conflict (shift 5, reduce 64) on Lrem
state 1
	%entry% : '\001' . program  (66)
	opt_terms : .  (64)

	Leol  shift 3
	Lsemi  shift 4
	Lrem  shift 5
	Leof  reduce 64
	Lpipe  reduce 64
	Llparen  reduce 64
	Llcurly  reduce 64
	Lbackslash  reduce 64
	Ldo  reduce 64
	Lfor  reduce 64
	Lif  reduce 64
	Lreturn  reduce 64
	Lnew  reduce 64
	Lint  reduce 64
	Lident  reduce 64

	program  goto 6
	opt_terms  goto 7
	terms  goto 8
	eol  goto 9
	term  goto 10


state 2
	$accept : %entry% . $end  (0)

	$end  accept


state 3
	eol : Leol .  (60)

	.  reduce 60


state 4
	term : Lsemi .  (58)

	.  reduce 58


state 5
	eol : Lrem . Leol  (61)

	Leol  shift 11
	.  error


state 6
	%entry% : '\001' program .  (66)

	.  reduce 66


state 7
	program : opt_terms . stmts opt_terms Leof  (1)
	stmts : .  (2)

	Lpipe  shift 12
	Llparen  shift 13
	Llcurly  shift 14
	Lbackslash  shift 15
	Ldo  shift 16
	Lfor  shift 17
	Lif  shift 18
	Lreturn  shift 19
	Lnew  shift 20
	Lint  shift 21
	Lident  shift 22
	Leol  reduce 2
	Leof  reduce 2
	Lsemi  reduce 2
	Lrem  reduce 2

	stmts  goto 23
	stmt  goto 24
	expr  goto 25
	lvalue  goto 26


8: shift/reduce conflict (shift 3, reduce 65) on Leol
8: shift/reduce conflict (shift 4, reduce 65) on Lsemi
8: shift/reduce conflict (shift 5, reduce 65) on Lrem
state 8
	terms : terms . term  (63)
	opt_terms : terms .  (65)

	Leol  shift 3
	Lsemi  shift 4
	Lrem  shift 5
	Leof  reduce 65
	Lpipe  reduce 65
	Llparen  reduce 65
	Llcurly  reduce 65
	Lrcurly  reduce 65
	Lbackslash  reduce 65
	Ldo  reduce 65
	Lend  reduce 65
	Lfor  reduce 65
	Lif  reduce 65
	Lreturn  reduce 65
	Lnew  reduce 65
	Lint  reduce 65
	Lident  reduce 65

	eol  goto 9
	term  goto 27


state 9
	term : eol .  (59)

	.  reduce 59


state 10
	terms : term .  (62)

	.  reduce 62


state 11
	eol : Lrem Leol .  (61)

	.  reduce 61


state 12
	expr : Lpipe . expr Lpipe  (38)

	Lpipe  shift 12
	Llparen  shift 13
	Llcurly  shift 14
	Lbackslash  shift 15
	Ldo  shift 16
	Lif  shift 18
	Lnew  shift 20
	Lint  shift 21
	Lident  shift 28
	.  error

	expr  goto 29


state 13
	expr : Llparen . expr Lrparen  (31)

	Lpipe  shift 12
	Llparen  shift 13
	Llcurly  shift 14
	Lbackslash  shift 15
	Ldo  shift 16
	Lif  shift 18
	Lnew  shift 20
	Lint  shift 21
	Lident  shift 28
	.  error

	expr  goto 30


14: shift/reduce conflict (shift 3, reduce 64) on Leol
14: shift/reduce conflict (shift 4, reduce 64) on Lsemi
14: shift/reduce conflict (shift 5, reduce 64) on Lrem
state 14
	expr : Llcurly . opt_terms stmts opt_terms Lrcurly  (34)
	opt_terms : .  (64)

	Leol  shift 3
	Lsemi  shift 4
	Lrem  shift 5
	Lpipe  reduce 64
	Llparen  reduce 64
	Llcurly  reduce 64
	Lrcurly  reduce 64
	Lbackslash  reduce 64
	Ldo  reduce 64
	Lfor  reduce 64
	Lif  reduce 64
	Lreturn  reduce 64
	Lnew  reduce 64
	Lint  reduce 64
	Lident  reduce 64

	opt_terms  goto 31
	terms  goto 8
	eol  goto 9
	term  goto 10


state 15
	expr : Lbackslash . params Lfollow expr  (42)

	Lident  shift 32
	.  error

	params  goto 33


16: shift/reduce conflict (shift 3, reduce 64) on Leol
16: shift/reduce conflict (shift 4, reduce 64) on Lsemi
16: shift/reduce conflict (shift 5, reduce 64) on Lrem
state 16
	expr : Ldo . opt_terms stmts opt_terms Lend  (33)
	opt_terms : .  (64)

	Leol  shift 3
	Lsemi  shift 4
	Lrem  shift 5
	Lpipe  reduce 64
	Llparen  reduce 64
	Llcurly  reduce 64
	Lbackslash  reduce 64
	Ldo  reduce 64
	Lend  reduce 64
	Lfor  reduce 64
	Lif  reduce 64
	Lreturn  reduce 64
	Lnew  reduce 64
	Lint  reduce 64
	Lident  reduce 64

	opt_terms  goto 34
	terms  goto 8
	eol  goto 9
	term  goto 10


state 17
	stmt : Lfor . name_seq_list opt_terms stmts opt_terms Lend  (7)

	Lident  shift 35
	.  error

	name_seq_list  goto 36
	name_seq  goto 37


state 18
	expr : Lif . condition then_ expr if_tail  (32)

	Lpipe  shift 12
	Llparen  shift 13
	Llcurly  shift 14
	Lbackslash  shift 15
	Ldo  shift 16
	Lif  shift 18
	Lnew  shift 20
	Lint  shift 21
	Lident  shift 28
	.  error

	expr  goto 38
	condition  goto 39


state 19
	stmt : Lreturn . expr  (8)

	Lpipe  shift 12
	Llparen  shift 13
	Llcurly  shift 14
	Lbackslash  shift 15
	Ldo  shift 16
	Lif  shift 18
	Lnew  shift 20
	Lint  shift 21
	Lident  shift 28
	.  error

	expr  goto 40


state 20
	expr : Lnew . atype Llbracket expr Lrbracket  (41)

	Lbyte  shift 41
	Ltint  shift 42
	.  error

	atype  goto 43


state 21
	expr : Lint .  (22)

	.  reduce 22


state 22
	stmt : Lident . params_opt Leq expr  (5)
	lvalue : Lident .  (14)
	lvalue : Lident . Llbracket expr Lrbracket  (15)
	lvalue : Lident . Llbracket seq Lrbracket  (16)
	expr : Lident .  (23)
	expr : Lident . Llparen args Lrparen  (35)
	expr : Lident . Llbracket expr Lrbracket  (36)
	expr : Lident . Llbracket seq Lrbracket  (37)
	params_opt : .  (10)

	Llparen  shift 44
	Llbracket  shift 45
	Leol  reduce 23
	Leof  reduce 23
	Lsemi  reduce 23
	Lmod  reduce 23
	Lplus  reduce 23
	Lminus  reduce 23
	Lmul  reduce 23
	Ldiv  reduce 23
	Lxor  reduce 23
	Leq  reduce 10
	Ldot2  reduce 23
	Lrcurly  reduce 23
	Lrem  reduce 23
	Lwrite  reduce 14
	Lend  reduce 23
	Lhead  reduce 23
	Ltail  reduce 23

	params_opt  goto 46


state 23
	program : opt_terms stmts . opt_terms Leof  (1)
	stmts : stmts . terms stmt  (4)
	opt_terms : .  (64)

	Leol  shift 3
	Lsemi  shift 4
	Lrem  shift 5
	Leof  reduce 64

	opt_terms  goto 47
	terms  goto 48
	eol  goto 9
	term  goto 10


state 24
	stmts : stmt .  (3)

	.  reduce 3


state 25
	stmt : expr .  (9)
	expr : expr . Lplus expr  (24)
	expr : expr . Lminus expr  (25)
	expr : expr . Lmul expr  (26)
	expr : expr . Ldiv expr  (27)
	expr : expr . Lmod expr  (28)
	expr : expr . Lxor expr  (29)
	expr : expr . Ldot2 expr  (30)
	expr : expr . Lhead  (39)
	expr : expr . Ltail  (40)

	Lmod  shift 49
	Lplus  shift 50
	Lminus  shift 51
	Lmul  shift 52
	Ldiv  shift 53
	Lxor  shift 54
	Ldot2  shift 55
	Lhead  shift 56
	Ltail  shift 57
	Leol  reduce 9
	Leof  reduce 9
	Lsemi  reduce 9
	Lrcurly  reduce 9
	Lrem  reduce 9
	Lend  reduce 9


state 26
	stmt : lvalue . Lwrite expr  (6)

	Lwrite  shift 58
	.  error


state 27
	terms : terms term .  (63)

	.  reduce 63


28: shift/reduce conflict (shift 59, reduce 23) on Llparen
state 28
	expr : Lident .  (23)
	expr : Lident . Llparen args Lrparen  (35)
	expr : Lident . Llbracket expr Lrbracket  (36)
	expr : Lident . Llbracket seq Lrbracket  (37)

	Llparen  shift 59
	Llbracket  shift 60
	Leol  reduce 23
	Leof  reduce 23
	Lpipe  reduce 23
	Lsemi  reduce 23
	Lmod  reduce 23
	Lplus  reduce 23
	Lminus  reduce 23
	Lmul  reduce 23
	Ldiv  reduce 23
	Lxor  reduce 23
	Llt  reduce 23
	Lgt  reduce 23
	Leq  reduce 23
	Lneq  reduce 23
	Lrparen  reduce 23
	Land  reduce 23
	Lor  reduce 23
	Ldot2  reduce 23
	Lcomma  reduce 23
	Llcurly  reduce 23
	Lrcurly  reduce 23
	Lrem  reduce 23
	Lbackslash  reduce 23
	Lrbracket  reduce 23
	Ldo  reduce 23
	Lend  reduce 23
	Lfor  reduce 23
	Lif  reduce 23
	Lthen  reduce 23
	Lelse  reduce 23
	Lreturn  reduce 23
	Lhead  reduce 23
	Ltail  reduce 23
	Lnew  reduce 23
	Lint  reduce 23
	Lident  reduce 23


state 29
	expr : expr . Lplus expr  (24)
	expr : expr . Lminus expr  (25)
	expr : expr . Lmul expr  (26)
	expr : expr . Ldiv expr  (27)
	expr : expr . Lmod expr  (28)
	expr : expr . Lxor expr  (29)
	expr : expr . Ldot2 expr  (30)
	expr : Lpipe expr . Lpipe  (38)
	expr : expr . Lhead  (39)
	expr : expr . Ltail  (40)

	Lpipe  shift 61
	Lmod  shift 49
	Lplus  shift 50
	Lminus  shift 51
	Lmul  shift 52
	Ldiv  shift 53
	Lxor  shift 54
	Ldot2  shift 55
	Lhead  shift 56
	Ltail  shift 57
	.  error


state 30
	expr : expr . Lplus expr  (24)
	expr : expr . Lminus expr  (25)
	expr : expr . Lmul expr  (26)
	expr : expr . Ldiv expr  (27)
	expr : expr . Lmod expr  (28)
	expr : expr . Lxor expr  (29)
	expr : expr . Ldot2 expr  (30)
	expr : Llparen expr . Lrparen  (31)
	expr : expr . Lhead  (39)
	expr : expr . Ltail  (40)

	Lmod  shift 49
	Lplus  shift 50
	Lminus  shift 51
	Lmul  shift 52
	Ldiv  shift 53
	Lxor  shift 54
	Lrparen  shift 62
	Ldot2  shift 55
	Lhead  shift 56
	Ltail  shift 57
	.  error


state 31
	expr : Llcurly opt_terms . stmts opt_terms Lrcurly  (34)
	stmts : .  (2)

	Lpipe  shift 12
	Llparen  shift 13
	Llcurly  shift 14
	Lbackslash  shift 15
	Ldo  shift 16
	Lfor  shift 17
	Lif  shift 18
	Lreturn  shift 19
	Lnew  shift 20
	Lint  shift 21
	Lident  shift 22
	Leol  reduce 2
	Lsemi  reduce 2
	Lrcurly  reduce 2
	Lrem  reduce 2

	stmts  goto 63
	stmt  goto 24
	expr  goto 25
	lvalue  goto 26


state 32
	params : Lident .  (12)

	.  reduce 12


state 33
	params : params . Lcomma Lident  (13)
	expr : Lbackslash params . Lfollow expr  (42)

	Lcomma  shift 64
	Lfollow  shift 65
	.  error


state 34
	expr : Ldo opt_terms . stmts opt_terms Lend  (33)
	stmts : .  (2)

	Lpipe  shift 12
	Llparen  shift 13
	Llcurly  shift 14
	Lbackslash  shift 15
	Ldo  shift 16
	Lfor  shift 17
	Lif  shift 18
	Lreturn  shift 19
	Lnew  shift 20
	Lint  shift 21
	Lident  shift 22
	Leol  reduce 2
	Lsemi  reduce 2
	Lrem  reduce 2
	Lend  reduce 2

	stmts  goto 66
	stmt  goto 24
	expr  goto 25
	lvalue  goto 26


state 35
	name_seq : Lident . Lin seq  (19)

	Lin  shift 67
	.  error


36: shift/reduce conflict (shift 3, reduce 64) on Leol
36: shift/reduce conflict (shift 4, reduce 64) on Lsemi
36: shift/reduce conflict (shift 5, reduce 64) on Lrem
state 36
	stmt : Lfor name_seq_list . opt_terms stmts opt_terms Lend  (7)
	name_seq_list : name_seq_list . Lcomma name_seq  (18)
	opt_terms : .  (64)

	Leol  shift 3
	Lsemi  shift 4
	Lcomma  shift 68
	Lrem  shift 5
	Lpipe  reduce 64
	Llparen  reduce 64
	Llcurly  reduce 64
	Lbackslash  reduce 64
	Ldo  reduce 64
	Lend  reduce 64
	Lfor  reduce 64
	Lif  reduce 64
	Lreturn  reduce 64
	Lnew  reduce 64
	Lint  reduce 64
	Lident  reduce 64

	opt_terms  goto 69
	terms  goto 8
	eol  goto 9
	term  goto 10


state 37
	name_seq_list : name_seq .  (17)

	.  reduce 17


state 38
	expr : expr . Lplus expr  (24)
	expr : expr . Lminus expr  (25)
	expr : expr . Lmul expr  (26)
	expr : expr . Ldiv expr  (27)
	expr : expr . Lmod expr  (28)
	expr : expr . Lxor expr  (29)
	expr : expr . Ldot2 expr  (30)
	expr : expr . Lhead  (39)
	expr : expr . Ltail  (40)
	condition : expr . Llt expr  (43)
	condition : expr . Lgt expr  (44)
	condition : expr . Leq expr  (45)
	condition : expr . Lneq expr  (46)

	Lmod  shift 49
	Lplus  shift 50
	Lminus  shift 51
	Lmul  shift 52
	Ldiv  shift 53
	Lxor  shift 54
	Llt  shift 70
	Lgt  shift 71
	Leq  shift 72
	Lneq  shift 73
	Ldot2  shift 55
	Lhead  shift 56
	Ltail  shift 57
	.  error


state 39
	expr : Lif condition . then_ expr if_tail  (32)
	condition : condition . Land condition  (47)
	condition : condition . Lor condition  (48)

	Leol  shift 3
	Land  shift 74
	Lor  shift 75
	Lrem  shift 5
	Lthen  shift 76
	.  error

	then_  goto 77
	eol  goto 78


state 40
	stmt : Lreturn expr .  (8)
	expr : expr . Lplus expr  (24)
	expr : expr . Lminus expr  (25)
	expr : expr . Lmul expr  (26)
	expr : expr . Ldiv expr  (27)
	expr : expr . Lmod expr  (28)
	expr : expr . Lxor expr  (29)
	expr : expr . Ldot2 expr  (30)
	expr : expr . Lhead  (39)
	expr : expr . Ltail  (40)

	Lmod  shift 49
	Lplus  shift 50
	Lminus  shift 51
	Lmul  shift 52
	Ldiv  shift 53
	Lxor  shift 54
	Ldot2  shift 55
	Lhead  shift 56
	Ltail  shift 57
	Leol  reduce 8
	Leof  reduce 8
	Lsemi  reduce 8
	Lrcurly  reduce 8
	Lrem  reduce 8
	Lend  reduce 8


state 41
	atype : Lbyte .  (56)

	.  reduce 56


state 42
	atype : Ltint .  (57)

	.  reduce 57


state 43
	expr : Lnew atype . Llbracket expr Lrbracket  (41)

	Llbracket  shift 79
	.  error


state 44
	params_opt : Llparen . params Lrparen  (11)
	expr : Lident Llparen . args Lrparen  (35)
	args : .  (51)

	Lpipe  shift 12
	Llparen  shift 13
	Llcurly  shift 14
	Lbackslash  shift 15
	Ldo  shift 16
	Lif  shift 18
	Lnew  shift 20
	Lint  shift 21
	Lident  shift 80
	Lrparen  reduce 51
	Lcomma  reduce 51

	expr  goto 81
	params  goto 82
	args  goto 83


state 45
	lvalue : Lident Llbracket . expr Lrbracket  (15)
	lvalue : Lident Llbracket . seq Lrbracket  (16)
	expr : Lident Llbracket . expr Lrbracket  (36)
	expr : Lident Llbracket . seq Lrbracket  (37)

	Lpipe  shift 12
	Llparen  shift 13
	Llcurly  shift 14
	Lbackslash  shift 15
	Ldo  shift 16
	Lif  shift 18
	Lnew  shift 20
	Lint  shift 21
	Lident  shift 84
	.  error

	expr  goto 85
	seq  goto 86


state 46
	stmt : Lident params_opt . Leq expr  (5)

	Leq  shift 87
	.  error


state 47
	program : opt_terms stmts opt_terms . Leof  (1)

	Leof  shift 88
	.  error


state 48
	stmts : stmts terms . stmt  (4)
	terms : terms . term  (63)
	opt_terms : terms .  (65)

	Leol  shift 3
	Lpipe  shift 12
	Lsemi  shift 4
	Llparen  shift 13
	Llcurly  shift 14
	Lrem  shift 5
	Lbackslash  shift 15
	Ldo  shift 16
	Lfor  shift 17
	Lif  shift 18
	Lreturn  shift 19
	Lnew  shift 20
	Lint  shift 21
	Lident  shift 22
	Leof  reduce 65
	Lrcurly  reduce 65
	Lend  reduce 65

	stmt  goto 89
	expr  goto 25
	lvalue  goto 26
	eol  goto 9
	term  goto 27


state 49
	expr : expr Lmod . expr  (28)

	Lpipe  shift 12
	Llparen  shift 13
	Llcurly  shift 14
	Lbackslash  shift 15
	Ldo  shift 16
	Lif  shift 18
	Lnew  shift 20
	Lint  shift 21
	Lident  shift 28
	.  error

	expr  goto 90


state 50
	expr : expr Lplus . expr  (24)

	Lpipe  shift 12
	Llparen  shift 13
	Llcurly  shift 14
	Lbackslash  shift 15
	Ldo  shift 16
	Lif  shift 18
	Lnew  shift 20
	Lint  shift 21
	Lident  shift 28
	.  error

	expr  goto 91


state 51
	expr : expr Lminus . expr  (25)

	Lpipe  shift 12
	Llparen  shift 13
	Llcurly  shift 14
	Lbackslash  shift 15
	Ldo  shift 16
	Lif  shift 18
	Lnew  shift 20
	Lint  shift 21
	Lident  shift 28
	.  error

	expr  goto 92


state 52
	expr : expr Lmul . expr  (26)

	Lpipe  shift 12
	Llparen  shift 13
	Llcurly  shift 14
	Lbackslash  shift 15
	Ldo  shift 16
	Lif  shift 18
	Lnew  shift 20
	Lint  shift 21
	Lident  shift 28
	.  error

	expr  goto 93


state 53
	expr : expr Ldiv . expr  (27)

	Lpipe  shift 12
	Llparen  shift 13
	Llcurly  shift 14
	Lbackslash  shift 15
	Ldo  shift 16
	Lif  shift 18
	Lnew  shift 20
	Lint  shift 21
	Lident  shift 28
	.  error

	expr  goto 94


state 54
	expr : expr Lxor . expr  (29)

	Lpipe  shift 12
	Llparen  shift 13
	Llcurly  shift 14
	Lbackslash  shift 15
	Ldo  shift 16
	Lif  shift 18
	Lnew  shift 20
	Lint  shift 21
	Lident  shift 28
	.  error

	expr  goto 95


state 55
	expr : expr Ldot2 . expr  (30)

	Lpipe  shift 12
	Llparen  shift 13
	Llcurly  shift 14
	Lbackslash  shift 15
	Ldo  shift 16
	Lif  shift 18
	Lnew  shift 20
	Lint  shift 21
	Lident  shift 28
	.  error

	expr  goto 96


state 56
	expr : expr Lhead .  (39)

	.  reduce 39


state 57
	expr : expr Ltail .  (40)

	.  reduce 40


state 58
	stmt : lvalue Lwrite . expr  (6)

	Lpipe  shift 12
	Llparen  shift 13
	Llcurly  shift 14
	Lbackslash  shift 15
	Ldo  shift 16
	Lif  shift 18
	Lnew  shift 20
	Lint  shift 21
	Lident  shift 28
	.  error

	expr  goto 97


state 59
	expr : Lident Llparen . args Lrparen  (35)
	args : .  (51)

	Lpipe  shift 12
	Llparen  shift 13
	Llcurly  shift 14
	Lbackslash  shift 15
	Ldo  shift 16
	Lif  shift 18
	Lnew  shift 20
	Lint  shift 21
	Lident  shift 28
	Lrparen  reduce 51
	Lcomma  reduce 51

	expr  goto 81
	args  goto 83


state 60
	expr : Lident Llbracket . expr Lrbracket  (36)
	expr : Lident Llbracket . seq Lrbracket  (37)

	Lpipe  shift 12
	Llparen  shift 13
	Llcurly  shift 14
	Lbackslash  shift 15
	Ldo  shift 16
	Lif  shift 18
	Lnew  shift 20
	Lint  shift 21
	Lident  shift 84
	.  error

	expr  goto 98
	seq  goto 99


state 61
	expr : Lpipe expr Lpipe .  (38)

	.  reduce 38


state 62
	expr : Llparen expr Lrparen .  (31)

	.  reduce 31


state 63
	stmts : stmts . terms stmt  (4)
	expr : Llcurly opt_terms stmts . opt_terms Lrcurly  (34)
	opt_terms : .  (64)

	Leol  shift 3
	Lsemi  shift 4
	Lrem  shift 5
	Lrcurly  reduce 64

	opt_terms  goto 100
	terms  goto 48
	eol  goto 9
	term  goto 10


state 64
	params : params Lcomma . Lident  (13)

	Lident  shift 101
	.  error


state 65
	expr : Lbackslash params Lfollow . expr  (42)

	Lpipe  shift 12
	Llparen  shift 13
	Llcurly  shift 14
	Lbackslash  shift 15
	Ldo  shift 16
	Lif  shift 18
	Lnew  shift 20
	Lint  shift 21
	Lident  shift 28
	.  error

	expr  goto 102


state 66
	stmts : stmts . terms stmt  (4)
	expr : Ldo opt_terms stmts . opt_terms Lend  (33)
	opt_terms : .  (64)

	Leol  shift 3
	Lsemi  shift 4
	Lrem  shift 5
	Lend  reduce 64

	opt_terms  goto 103
	terms  goto 48
	eol  goto 9
	term  goto 10


state 67
	name_seq : Lident Lin . seq  (19)

	Lpipe  shift 12
	Llparen  shift 13
	Llcurly  shift 14
	Lbackslash  shift 15
	Ldo  shift 16
	Lif  shift 18
	Lnew  shift 20
	Lint  shift 21
	Lident  shift 84
	.  error

	expr  goto 104
	seq  goto 105


state 68
	name_seq_list : name_seq_list Lcomma . name_seq  (18)

	Lident  shift 35
	.  error

	name_seq  goto 106


state 69
	stmt : Lfor name_seq_list opt_terms . stmts opt_terms Lend  (7)
	stmts : .  (2)

	Lpipe  shift 12
	Llparen  shift 13
	Llcurly  shift 14
	Lbackslash  shift 15
	Ldo  shift 16
	Lfor  shift 17
	Lif  shift 18
	Lreturn  shift 19
	Lnew  shift 20
	Lint  shift 21
	Lident  shift 22
	Leol  reduce 2
	Lsemi  reduce 2
	Lrem  reduce 2
	Lend  reduce 2

	stmts  goto 107
	stmt  goto 24
	expr  goto 25
	lvalue  goto 26


state 70
	condition : expr Llt . expr  (43)

	Lpipe  shift 12
	Llparen  shift 13
	Llcurly  shift 14
	Lbackslash  shift 15
	Ldo  shift 16
	Lif  shift 18
	Lnew  shift 20
	Lint  shift 21
	Lident  shift 28
	.  error

	expr  goto 108


state 71
	condition : expr Lgt . expr  (44)

	Lpipe  shift 12
	Llparen  shift 13
	Llcurly  shift 14
	Lbackslash  shift 15
	Ldo  shift 16
	Lif  shift 18
	Lnew  shift 20
	Lint  shift 21
	Lident  shift 28
	.  error

	expr  goto 109


state 72
	condition : expr Leq . expr  (45)

	Lpipe  shift 12
	Llparen  shift 13
	Llcurly  shift 14
	Lbackslash  shift 15
	Ldo  shift 16
	Lif  shift 18
	Lnew  shift 20
	Lint  shift 21
	Lident  shift 28
	.  error

	expr  goto 110


state 73
	condition : expr Lneq . expr  (46)

	Lpipe  shift 12
	Llparen  shift 13
	Llcurly  shift 14
	Lbackslash  shift 15
	Ldo  shift 16
	Lif  shift 18
	Lnew  shift 20
	Lint  shift 21
	Lident  shift 28
	.  error

	expr  goto 111


state 74
	condition : condition Land . condition  (47)

	Lpipe  shift 12
	Llparen  shift 13
	Llcurly  shift 14
	Lbackslash  shift 15
	Ldo  shift 16
	Lif  shift 18
	Lnew  shift 20
	Lint  shift 21
	Lident  shift 28
	.  error

	expr  goto 38
	condition  goto 112


state 75
	condition : condition Lor . condition  (48)

	Lpipe  shift 12
	Llparen  shift 13
	Llcurly  shift 14
	Lbackslash  shift 15
	Ldo  shift 16
	Lif  shift 18
	Lnew  shift 20
	Lint  shift 21
	Lident  shift 28
	.  error

	expr  goto 38
	condition  goto 113


state 76
	then_ : Lthen .  (52)

	.  reduce 52


state 77
	expr : Lif condition then_ . expr if_tail  (32)

	Lpipe  shift 12
	Llparen  shift 13
	Llcurly  shift 14
	Lbackslash  shift 15
	Ldo  shift 16
	Lif  shift 18
	Lnew  shift 20
	Lint  shift 21
	Lident  shift 28
	.  error

	expr  goto 114


state 78
	then_ : eol .  (53)

	.  reduce 53


state 79
	expr : Lnew atype Llbracket . expr Lrbracket  (41)

	Lpipe  shift 12
	Llparen  shift 13
	Llcurly  shift 14
	Lbackslash  shift 15
	Ldo  shift 16
	Lif  shift 18
	Lnew  shift 20
	Lint  shift 21
	Lident  shift 28
	.  error

	expr  goto 115


80: reduce/reduce conflict (reduce 12, reduce 23) on Lrparen
80: reduce/reduce conflict (reduce 12, reduce 23) on Lcomma
state 80
	params : Lident .  (12)
	expr : Lident .  (23)
	expr : Lident . Llparen args Lrparen  (35)
	expr : Lident . Llbracket expr Lrbracket  (36)
	expr : Lident . Llbracket seq Lrbracket  (37)

	Llparen  shift 59
	Llbracket  shift 60
	Lmod  reduce 23
	Lplus  reduce 23
	Lminus  reduce 23
	Lmul  reduce 23
	Ldiv  reduce 23
	Lxor  reduce 23
	Lrparen  reduce 12
	Ldot2  reduce 23
	Lcomma  reduce 12
	Lhead  reduce 23
	Ltail  reduce 23


state 81
	expr : expr . Lplus expr  (24)
	expr : expr . Lminus expr  (25)
	expr : expr . Lmul expr  (26)
	expr : expr . Ldiv expr  (27)
	expr : expr . Lmod expr  (28)
	expr : expr . Lxor expr  (29)
	expr : expr . Ldot2 expr  (30)
	expr : expr . Lhead  (39)
	expr : expr . Ltail  (40)
	args : expr .  (49)

	Lmod  shift 49
	Lplus  shift 50
	Lminus  shift 51
	Lmul  shift 52
	Ldiv  shift 53
	Lxor  shift 54
	Ldot2  shift 55
	Lhead  shift 56
	Ltail  shift 57
	Lrparen  reduce 49
	Lcomma  reduce 49


state 82
	params_opt : Llparen params . Lrparen  (11)
	params : params . Lcomma Lident  (13)

	Lrparen  shift 116
	Lcomma  shift 64
	.  error


state 83
	expr : Lident Llparen args . Lrparen  (35)
	args : args . Lcomma expr  (50)

	Lrparen  shift 117
	Lcomma  shift 118
	.  error


84: shift/reduce conflict (shift 59, reduce 20) on Llparen
84: reduce/reduce conflict (reduce 20, reduce 23) on Lrbracket
state 84
	seq : Lident .  (20)
	expr : Lident .  (23)
	expr : Lident . Llparen args Lrparen  (35)
	expr : Lident . Llbracket expr Lrbracket  (36)
	expr : Lident . Llbracket seq Lrbracket  (37)

	Llparen  shift 59
	Llbracket  shift 60
	Leol  reduce 20
	Lpipe  reduce 20
	Lsemi  reduce 20
	Lmod  reduce 23
	Lplus  reduce 23
	Lminus  reduce 23
	Lmul  reduce 23
	Ldiv  reduce 23
	Lxor  reduce 23
	Ldot2  reduce 23
	Lcomma  reduce 20
	Llcurly  reduce 20
	Lrem  reduce 20
	Lbackslash  reduce 20
	Lrbracket  reduce 20
	Ldo  reduce 20
	Lend  reduce 20
	Lfor  reduce 20
	Lif  reduce 20
	Lreturn  reduce 20
	Lhead  reduce 23
	Ltail  reduce 23
	Lnew  reduce 20
	Lint  reduce 20
	Lident  reduce 20


state 85
	lvalue : Lident Llbracket expr . Lrbracket  (15)
	seq : expr . Ldot2 expr  (21)
	expr : expr . Lplus expr  (24)
	expr : expr . Lminus expr  (25)
	expr : expr . Lmul expr  (26)
	expr : expr . Ldiv expr  (27)
	expr : expr . Lmod expr  (28)
	expr : expr . Lxor expr  (29)
	expr : expr . Ldot2 expr  (30)
	expr : Lident Llbracket expr . Lrbracket  (36)
	expr : expr . Lhead  (39)
	expr : expr . Ltail  (40)

	Lmod  shift 49
	Lplus  shift 50
	Lminus  shift 51
	Lmul  shift 52
	Ldiv  shift 53
	Lxor  shift 54
	Ldot2  shift 119
	Lrbracket  shift 120
	Lhead  shift 56
	Ltail  shift 57
	.  error


state 86
	lvalue : Lident Llbracket seq . Lrbracket  (16)
	expr : Lident Llbracket seq . Lrbracket  (37)

	Lrbracket  shift 121
	.  error


state 87
	stmt : Lident params_opt Leq . expr  (5)

	Lpipe  shift 12
	Llparen  shift 13
	Llcurly  shift 14
	Lbackslash  shift 15
	Ldo  shift 16
	Lif  shift 18
	Lnew  shift 20
	Lint  shift 21
	Lident  shift 28
	.  error

	expr  goto 122


state 88
	program : opt_terms stmts opt_terms Leof .  (1)

	.  reduce 1


state 89
	stmts : stmts terms stmt .  (4)

	.  reduce 4


90: shift/reduce conflict (shift 54, reduce 28) on Lxor
90: shift/reduce conflict (shift 56, reduce 28) on Lhead
90: shift/reduce conflict (shift 57, reduce 28) on Ltail
state 90
	expr : expr . Lplus expr  (24)
	expr : expr . Lminus expr  (25)
	expr : expr . Lmul expr  (26)
	expr : expr . Ldiv expr  (27)
	expr : expr . Lmod expr  (28)
	expr : expr Lmod expr .  (28)
	expr : expr . Lxor expr  (29)
	expr : expr . Ldot2 expr  (30)
	expr : expr . Lhead  (39)
	expr : expr . Ltail  (40)

	Lxor  shift 54
	Lhead  shift 56
	Ltail  shift 57
	Leol  reduce 28
	Leof  reduce 28
	Lpipe  reduce 28
	Lsemi  reduce 28
	Lmod  reduce 28
	Lplus  reduce 28
	Lminus  reduce 28
	Lmul  reduce 28
	Ldiv  reduce 28
	Llt  reduce 28
	Lgt  reduce 28
	Leq  reduce 28
	Lneq  reduce 28
	Llparen  reduce 28
	Lrparen  reduce 28
	Land  reduce 28
	Lor  reduce 28
	Ldot2  reduce 28
	Lcomma  reduce 28
	Llcurly  reduce 28
	Lrcurly  reduce 28
	Lrem  reduce 28
	Lbackslash  reduce 28
	Lrbracket  reduce 28
	Ldo  reduce 28
	Lend  reduce 28
	Lfor  reduce 28
	Lif  reduce 28
	Lthen  reduce 28
	Lelse  reduce 28
	Lreturn  reduce 28
	Lnew  reduce 28
	Lint  reduce 28
	Lident  reduce 28


91: shift/reduce conflict (shift 54, reduce 24) on Lxor
91: shift/reduce conflict (shift 56, reduce 24) on Lhead
91: shift/reduce conflict (shift 57, reduce 24) on Ltail
state 91
	expr : expr . Lplus expr  (24)
	expr : expr Lplus expr .  (24)
	expr : expr . Lminus expr  (25)
	expr : expr . Lmul expr  (26)
	expr : expr . Ldiv expr  (27)
	expr : expr . Lmod expr  (28)
	expr : expr . Lxor expr  (29)
	expr : expr . Ldot2 expr  (30)
	expr : expr . Lhead  (39)
	expr : expr . Ltail  (40)

	Lmod  shift 49
	Lmul  shift 52
	Ldiv  shift 53
	Lxor  shift 54
	Lhead  shift 56
	Ltail  shift 57
	Leol  reduce 24
	Leof  reduce 24
	Lpipe  reduce 24
	Lsemi  reduce 24
	Lplus  reduce 24
	Lminus  reduce 24
	Llt  reduce 24
	Lgt  reduce 24
	Leq  reduce 24
	Lneq  reduce 24
	Llparen  reduce 24
	Lrparen  reduce 24
	Land  reduce 24
	Lor  reduce 24
	Ldot2  reduce 24
	Lcomma  reduce 24
	Llcurly  reduce 24
	Lrcurly  reduce 24
	Lrem  reduce 24
	Lbackslash  reduce 24
	Lrbracket  reduce 24
	Ldo  reduce 24
	Lend  reduce 24
	Lfor  reduce 24
	Lif  reduce 24
	Lthen  reduce 24
	Lelse  reduce 24
	Lreturn  reduce 24
	Lnew  reduce 24
	Lint  reduce 24
	Lident  reduce 24


92: shift/reduce conflict (shift 54, reduce 25) on Lxor
92: shift/reduce conflict (shift 56, reduce 25) on Lhead
92: shift/reduce conflict (shift 57, reduce 25) on Ltail
state 92
	expr : expr . Lplus expr  (24)
	expr : expr . Lminus expr  (25)
	expr : expr Lminus expr .  (25)
	expr : expr . Lmul expr  (26)
	expr : expr . Ldiv expr  (27)
	expr : expr . Lmod expr  (28)
	expr : expr . Lxor expr  (29)
	expr : expr . Ldot2 expr  (30)
	expr : expr . Lhead  (39)
	expr : expr . Ltail  (40)

	Lmod  shift 49
	Lmul  shift 52
	Ldiv  shift 53
	Lxor  shift 54
	Lhead  shift 56
	Ltail  shift 57
	Leol  reduce 25
	Leof  reduce 25
	Lpipe  reduce 25
	Lsemi  reduce 25
	Lplus  reduce 25
	Lminus  reduce 25
	Llt  reduce 25
	Lgt  reduce 25
	Leq  reduce 25
	Lneq  reduce 25
	Llparen  reduce 25
	Lrparen  reduce 25
	Land  reduce 25
	Lor  reduce 25
	Ldot2  reduce 25
	Lcomma  reduce 25
	Llcurly  reduce 25
	Lrcurly  reduce 25
	Lrem  reduce 25
	Lbackslash  reduce 25
	Lrbracket  reduce 25
	Ldo  reduce 25
	Lend  reduce 25
	Lfor  reduce 25
	Lif  reduce 25
	Lthen  reduce 25
	Lelse  reduce 25
	Lreturn  reduce 25
	Lnew  reduce 25
	Lint  reduce 25
	Lident  reduce 25


93: shift/reduce conflict (shift 54, reduce 26) on Lxor
93: shift/reduce conflict (shift 56, reduce 26) on Lhead
93: shift/reduce conflict (shift 57, reduce 26) on Ltail
state 93
	expr : expr . Lplus expr  (24)
	expr : expr . Lminus expr  (25)
	expr : expr . Lmul expr  (26)
	expr : expr Lmul expr .  (26)
	expr : expr . Ldiv expr  (27)
	expr : expr . Lmod expr  (28)
	expr : expr . Lxor expr  (29)
	expr : expr . Ldot2 expr  (30)
	expr : expr . Lhead  (39)
	expr : expr . Ltail  (40)

	Lxor  shift 54
	Lhead  shift 56
	Ltail  shift 57
	Leol  reduce 26
	Leof  reduce 26
	Lpipe  reduce 26
	Lsemi  reduce 26
	Lmod  reduce 26
	Lplus  reduce 26
	Lminus  reduce 26
	Lmul  reduce 26
	Ldiv  reduce 26
	Llt  reduce 26
	Lgt  reduce 26
	Leq  reduce 26
	Lneq  reduce 26
	Llparen  reduce 26
	Lrparen  reduce 26
	Land  reduce 26
	Lor  reduce 26
	Ldot2  reduce 26
	Lcomma  reduce 26
	Llcurly  reduce 26
	Lrcurly  reduce 26
	Lrem  reduce 26
	Lbackslash  reduce 26
	Lrbracket  reduce 26
	Ldo  reduce 26
	Lend  reduce 26
	Lfor  reduce 26
	Lif  reduce 26
	Lthen  reduce 26
	Lelse  reduce 26
	Lreturn  reduce 26
	Lnew  reduce 26
	Lint  reduce 26
	Lident  reduce 26


94: shift/reduce conflict (shift 54, reduce 27) on Lxor
94: shift/reduce conflict (shift 56, reduce 27) on Lhead
94: shift/reduce conflict (shift 57, reduce 27) on Ltail
state 94
	expr : expr . Lplus expr  (24)
	expr : expr . Lminus expr  (25)
	expr : expr . Lmul expr  (26)
	expr : expr . Ldiv expr  (27)
	expr : expr Ldiv expr .  (27)
	expr : expr . Lmod expr  (28)
	expr : expr . Lxor expr  (29)
	expr : expr . Ldot2 expr  (30)
	expr : expr . Lhead  (39)
	expr : expr . Ltail  (40)

	Lxor  shift 54
	Lhead  shift 56
	Ltail  shift 57
	Leol  reduce 27
	Leof  reduce 27
	Lpipe  reduce 27
	Lsemi  reduce 27
	Lmod  reduce 27
	Lplus  reduce 27
	Lminus  reduce 27
	Lmul  reduce 27
	Ldiv  reduce 27
	Llt  reduce 27
	Lgt  reduce 27
	Leq  reduce 27
	Lneq  reduce 27
	Llparen  reduce 27
	Lrparen  reduce 27
	Land  reduce 27
	Lor  reduce 27
	Ldot2  reduce 27
	Lcomma  reduce 27
	Llcurly  reduce 27
	Lrcurly  reduce 27
	Lrem  reduce 27
	Lbackslash  reduce 27
	Lrbracket  reduce 27
	Ldo  reduce 27
	Lend  reduce 27
	Lfor  reduce 27
	Lif  reduce 27
	Lthen  reduce 27
	Lelse  reduce 27
	Lreturn  reduce 27
	Lnew  reduce 27
	Lint  reduce 27
	Lident  reduce 27


95: shift/reduce conflict (shift 49, reduce 29) on Lmod
95: shift/reduce conflict (shift 50, reduce 29) on Lplus
95: shift/reduce conflict (shift 51, reduce 29) on Lminus
95: shift/reduce conflict (shift 52, reduce 29) on Lmul
95: shift/reduce conflict (shift 53, reduce 29) on Ldiv
95: shift/reduce conflict (shift 54, reduce 29) on Lxor
95: shift/reduce conflict (shift 55, reduce 29) on Ldot2
95: shift/reduce conflict (shift 56, reduce 29) on Lhead
95: shift/reduce conflict (shift 57, reduce 29) on Ltail
state 95
	expr : expr . Lplus expr  (24)
	expr : expr . Lminus expr  (25)
	expr : expr . Lmul expr  (26)
	expr : expr . Ldiv expr  (27)
	expr : expr . Lmod expr  (28)
	expr : expr . Lxor expr  (29)
	expr : expr Lxor expr .  (29)
	expr : expr . Ldot2 expr  (30)
	expr : expr . Lhead  (39)
	expr : expr . Ltail  (40)

	Lmod  shift 49
	Lplus  shift 50
	Lminus  shift 51
	Lmul  shift 52
	Ldiv  shift 53
	Lxor  shift 54
	Ldot2  shift 55
	Lhead  shift 56
	Ltail  shift 57
	Leol  reduce 29
	Leof  reduce 29
	Lpipe  reduce 29
	Lsemi  reduce 29
	Llt  reduce 29
	Lgt  reduce 29
	Leq  reduce 29
	Lneq  reduce 29
	Llparen  reduce 29
	Lrparen  reduce 29
	Land  reduce 29
	Lor  reduce 29
	Lcomma  reduce 29
	Llcurly  reduce 29
	Lrcurly  reduce 29
	Lrem  reduce 29
	Lbackslash  reduce 29
	Lrbracket  reduce 29
	Ldo  reduce 29
	Lend  reduce 29
	Lfor  reduce 29
	Lif  reduce 29
	Lthen  reduce 29
	Lelse  reduce 29
	Lreturn  reduce 29
	Lnew  reduce 29
	Lint  reduce 29
	Lident  reduce 29


96: shift/reduce conflict (shift 54, reduce 30) on Lxor
96: shift/reduce conflict (shift 56, reduce 30) on Lhead
96: shift/reduce conflict (shift 57, reduce 30) on Ltail
state 96
	expr : expr . Lplus expr  (24)
	expr : expr . Lminus expr  (25)
	expr : expr . Lmul expr  (26)
	expr : expr . Ldiv expr  (27)
	expr : expr . Lmod expr  (28)
	expr : expr . Lxor expr  (29)
	expr : expr . Ldot2 expr  (30)
	expr : expr Ldot2 expr .  (30)
	expr : expr . Lhead  (39)
	expr : expr . Ltail  (40)

	Lmod  shift 49
	Lplus  shift 50
	Lminus  shift 51
	Lmul  shift 52
	Ldiv  shift 53
	Lxor  shift 54
	Lhead  shift 56
	Ltail  shift 57
	Leol  reduce 30
	Leof  reduce 30
	Lpipe  reduce 30
	Lsemi  reduce 30
	Llt  reduce 30
	Lgt  reduce 30
	Leq  reduce 30
	Lneq  reduce 30
	Llparen  reduce 30
	Lrparen  reduce 30
	Land  reduce 30
	Lor  reduce 30
	Lcomma  reduce 30
	Llcurly  reduce 30
	Lrcurly  reduce 30
	Lrem  reduce 30
	Lbackslash  reduce 30
	Lrbracket  reduce 30
	Ldo  reduce 30
	Lend  reduce 30
	Lfor  reduce 30
	Lif  reduce 30
	Lthen  reduce 30
	Lelse  reduce 30
	Lreturn  reduce 30
	Lnew  reduce 30
	Lint  reduce 30
	Lident  reduce 30


state 97
	stmt : lvalue Lwrite expr .  (6)
	expr : expr . Lplus expr  (24)
	expr : expr . Lminus expr  (25)
	expr : expr . Lmul expr  (26)
	expr : expr . Ldiv expr  (27)
	expr : expr . Lmod expr  (28)
	expr : expr . Lxor expr  (29)
	expr : expr . Ldot2 expr  (30)
	expr : expr . Lhead  (39)
	expr : expr . Ltail  (40)

	Lmod  shift 49
	Lplus  shift 50
	Lminus  shift 51
	Lmul  shift 52
	Ldiv  shift 53
	Lxor  shift 54
	Ldot2  shift 55
	Lhead  shift 56
	Ltail  shift 57
	Leol  reduce 6
	Leof  reduce 6
	Lsemi  reduce 6
	Lrcurly  reduce 6
	Lrem  reduce 6
	Lend  reduce 6


state 98
	seq : expr . Ldot2 expr  (21)
	expr : expr . Lplus expr  (24)
	expr : expr . Lminus expr  (25)
	expr : expr . Lmul expr  (26)
	expr : expr . Ldiv expr  (27)
	expr : expr . Lmod expr  (28)
	expr : expr . Lxor expr  (29)
	expr : expr . Ldot2 expr  (30)
	expr : Lident Llbracket expr . Lrbracket  (36)
	expr : expr . Lhead  (39)
	expr : expr . Ltail  (40)

	Lmod  shift 49
	Lplus  shift 50
	Lminus  shift 51
	Lmul  shift 52
	Ldiv  shift 53
	Lxor  shift 54
	Ldot2  shift 119
	Lrbracket  shift 123
	Lhead  shift 56
	Ltail  shift 57
	.  error


state 99
	expr : Lident Llbracket seq . Lrbracket  (37)

	Lrbracket  shift 124
	.  error


state 100
	expr : Llcurly opt_terms stmts opt_terms . Lrcurly  (34)

	Lrcurly  shift 125
	.  error


state 101
	params : params Lcomma Lident .  (13)

	.  reduce 13


102: shift/reduce conflict (shift 49, reduce 42) on Lmod
102: shift/reduce conflict (shift 50, reduce 42) on Lplus
102: shift/reduce conflict (shift 51, reduce 42) on Lminus
102: shift/reduce conflict (shift 52, reduce 42) on Lmul
102: shift/reduce conflict (shift 53, reduce 42) on Ldiv
102: shift/reduce conflict (shift 54, reduce 42) on Lxor
102: shift/reduce conflict (shift 55, reduce 42) on Ldot2
102: shift/reduce conflict (shift 56, reduce 42) on Lhead
102: shift/reduce conflict (shift 57, reduce 42) on Ltail
state 102
	expr : expr . Lplus expr  (24)
	expr : expr . Lminus expr  (25)
	expr : expr . Lmul expr  (26)
	expr : expr . Ldiv expr  (27)
	expr : expr . Lmod expr  (28)
	expr : expr . Lxor expr  (29)
	expr : expr . Ldot2 expr  (30)
	expr : expr . Lhead  (39)
	expr : expr . Ltail  (40)
	expr : Lbackslash params Lfollow expr .  (42)

	Lmod  shift 49
	Lplus  shift 50
	Lminus  shift 51
	Lmul  shift 52
	Ldiv  shift 53
	Lxor  shift 54
	Ldot2  shift 55
	Lhead  shift 56
	Ltail  shift 57
	Leol  reduce 42
	Leof  reduce 42
	Lpipe  reduce 42
	Lsemi  reduce 42
	Llt  reduce 42
	Lgt  reduce 42
	Leq  reduce 42
	Lneq  reduce 42
	Llparen  reduce 42
	Lrparen  reduce 42
	Land  reduce 42
	Lor  reduce 42
	Lcomma  reduce 42
	Llcurly  reduce 42
	Lrcurly  reduce 42
	Lrem  reduce 42
	Lbackslash  reduce 42
	Lrbracket  reduce 42
	Ldo  reduce 42
	Lend  reduce 42
	Lfor  reduce 42
	Lif  reduce 42
	Lthen  reduce 42
	Lelse  reduce 42
	Lreturn  reduce 42
	Lnew  reduce 42
	Lint  reduce 42
	Lident  reduce 42


state 103
	expr : Ldo opt_terms stmts opt_terms . Lend  (33)

	Lend  shift 126
	.  error


state 104
	seq : expr . Ldot2 expr  (21)
	expr : expr . Lplus expr  (24)
	expr : expr . Lminus expr  (25)
	expr : expr . Lmul expr  (26)
	expr : expr . Ldiv expr  (27)
	expr : expr . Lmod expr  (28)
	expr : expr . Lxor expr  (29)
	expr : expr . Ldot2 expr  (30)
	expr : expr . Lhead  (39)
	expr : expr . Ltail  (40)

	Lmod  shift 49
	Lplus  shift 50
	Lminus  shift 51
	Lmul  shift 52
	Ldiv  shift 53
	Lxor  shift 54
	Ldot2  shift 119
	Lhead  shift 56
	Ltail  shift 57
	.  error


state 105
	name_seq : Lident Lin seq .  (19)

	.  reduce 19


state 106
	name_seq_list : name_seq_list Lcomma name_seq .  (18)

	.  reduce 18


state 107
	stmts : stmts . terms stmt  (4)
	stmt : Lfor name_seq_list opt_terms stmts . opt_terms Lend  (7)
	opt_terms : .  (64)

	Leol  shift 3
	Lsemi  shift 4
	Lrem  shift 5
	Lend  reduce 64

	opt_terms  goto 127
	terms  goto 48
	eol  goto 9
	term  goto 10


state 108
	expr : expr . Lplus expr  (24)
	expr : expr . Lminus expr  (25)
	expr : expr . Lmul expr  (26)
	expr : expr . Ldiv expr  (27)
	expr : expr . Lmod expr  (28)
	expr : expr . Lxor expr  (29)
	expr : expr . Ldot2 expr  (30)
	expr : expr . Lhead  (39)
	expr : expr . Ltail  (40)
	condition : expr Llt expr .  (43)

	Lmod  shift 49
	Lplus  shift 50
	Lminus  shift 51
	Lmul  shift 52
	Ldiv  shift 53
	Lxor  shift 54
	Ldot2  shift 55
	Lhead  shift 56
	Ltail  shift 57
	Leol  reduce 43
	Land  reduce 43
	Lor  reduce 43
	Lrem  reduce 43
	Lthen  reduce 43


state 109
	expr : expr . Lplus expr  (24)
	expr : expr . Lminus expr  (25)
	expr : expr . Lmul expr  (26)
	expr : expr . Ldiv expr  (27)
	expr : expr . Lmod expr  (28)
	expr : expr . Lxor expr  (29)
	expr : expr . Ldot2 expr  (30)
	expr : expr . Lhead  (39)
	expr : expr . Ltail  (40)
	condition : expr Lgt expr .  (44)

	Lmod  shift 49
	Lplus  shift 50
	Lminus  shift 51
	Lmul  shift 52
	Ldiv  shift 53
	Lxor  shift 54
	Ldot2  shift 55
	Lhead  shift 56
	Ltail  shift 57
	Leol  reduce 44
	Land  reduce 44
	Lor  reduce 44
	Lrem  reduce 44
	Lthen  reduce 44


state 110
	expr : expr . Lplus expr  (24)
	expr : expr . Lminus expr  (25)
	expr : expr . Lmul expr  (26)
	expr : expr . Ldiv expr  (27)
	expr : expr . Lmod expr  (28)
	expr : expr . Lxor expr  (29)
	expr : expr . Ldot2 expr  (30)
	expr : expr . Lhead  (39)
	expr : expr . Ltail  (40)
	condition : expr Leq expr .  (45)

	Lmod  shift 49
	Lplus  shift 50
	Lminus  shift 51
	Lmul  shift 52
	Ldiv  shift 53
	Lxor  shift 54
	Ldot2  shift 55
	Lhead  shift 56
	Ltail  shift 57
	Leol  reduce 45
	Land  reduce 45
	Lor  reduce 45
	Lrem  reduce 45
	Lthen  reduce 45


state 111
	expr : expr . Lplus expr  (24)
	expr : expr . Lminus expr  (25)
	expr : expr . Lmul expr  (26)
	expr : expr . Ldiv expr  (27)
	expr : expr . Lmod expr  (28)
	expr : expr . Lxor expr  (29)
	expr : expr . Ldot2 expr  (30)
	expr : expr . Lhead  (39)
	expr : expr . Ltail  (40)
	condition : expr Lneq expr .  (46)

	Lmod  shift 49
	Lplus  shift 50
	Lminus  shift 51
	Lmul  shift 52
	Ldiv  shift 53
	Lxor  shift 54
	Ldot2  shift 55
	Lhead  shift 56
	Ltail  shift 57
	Leol  reduce 46
	Land  reduce 46
	Lor  reduce 46
	Lrem  reduce 46
	Lthen  reduce 46


state 112
	condition : condition . Land condition  (47)
	condition : condition Land condition .  (47)
	condition : condition . Lor condition  (48)

	.  reduce 47


state 113
	condition : condition . Land condition  (47)
	condition : condition . Lor condition  (48)
	condition : condition Lor condition .  (48)

	Land  shift 74
	Leol  reduce 48
	Lor  reduce 48
	Lrem  reduce 48
	Lthen  reduce 48


114: shift/reduce conflict (shift 49, reduce 54) on Lmod
114: shift/reduce conflict (shift 50, reduce 54) on Lplus
114: shift/reduce conflict (shift 51, reduce 54) on Lminus
114: shift/reduce conflict (shift 52, reduce 54) on Lmul
114: shift/reduce conflict (shift 53, reduce 54) on Ldiv
114: shift/reduce conflict (shift 54, reduce 54) on Lxor
114: shift/reduce conflict (shift 55, reduce 54) on Ldot2
114: shift/reduce conflict (shift 128, reduce 54) on Lelse
114: shift/reduce conflict (shift 56, reduce 54) on Lhead
114: shift/reduce conflict (shift 57, reduce 54) on Ltail
state 114
	expr : expr . Lplus expr  (24)
	expr : expr . Lminus expr  (25)
	expr : expr . Lmul expr  (26)
	expr : expr . Ldiv expr  (27)
	expr : expr . Lmod expr  (28)
	expr : expr . Lxor expr  (29)
	expr : expr . Ldot2 expr  (30)
	expr : Lif condition then_ expr . if_tail  (32)
	expr : expr . Lhead  (39)
	expr : expr . Ltail  (40)
	if_tail : .  (54)

	Lmod  shift 49
	Lplus  shift 50
	Lminus  shift 51
	Lmul  shift 52
	Ldiv  shift 53
	Lxor  shift 54
	Ldot2  shift 55
	Lelse  shift 128
	Lhead  shift 56
	Ltail  shift 57
	Leol  reduce 54
	Leof  reduce 54
	Lpipe  reduce 54
	Lsemi  reduce 54
	Llt  reduce 54
	Lgt  reduce 54
	Leq  reduce 54
	Lneq  reduce 54
	Llparen  reduce 54
	Lrparen  reduce 54
	Land  reduce 54
	Lor  reduce 54
	Lcomma  reduce 54
	Llcurly  reduce 54
	Lrcurly  reduce 54
	Lrem  reduce 54
	Lbackslash  reduce 54
	Lrbracket  reduce 54
	Ldo  reduce 54
	Lend  reduce 54
	Lfor  reduce 54
	Lif  reduce 54
	Lthen  reduce 54
	Lreturn  reduce 54
	Lnew  reduce 54
	Lint  reduce 54
	Lident  reduce 54

	if_tail  goto 129


state 115
	expr : expr . Lplus expr  (24)
	expr : expr . Lminus expr  (25)
	expr : expr . Lmul expr  (26)
	expr : expr . Ldiv expr  (27)
	expr : expr . Lmod expr  (28)
	expr : expr . Lxor expr  (29)
	expr : expr . Ldot2 expr  (30)
	expr : expr . Lhead  (39)
	expr : expr . Ltail  (40)
	expr : Lnew atype Llbracket expr . Lrbracket  (41)

	Lmod  shift 49
	Lplus  shift 50
	Lminus  shift 51
	Lmul  shift 52
	Ldiv  shift 53
	Lxor  shift 54
	Ldot2  shift 55
	Lrbracket  shift 130
	Lhead  shift 56
	Ltail  shift 57
	.  error


state 116
	params_opt : Llparen params Lrparen .  (11)

	.  reduce 11


state 117
	expr : Lident Llparen args Lrparen .  (35)

	.  reduce 35


state 118
	args : args Lcomma . expr  (50)

	Lpipe  shift 12
	Llparen  shift 13
	Llcurly  shift 14
	Lbackslash  shift 15
	Ldo  shift 16
	Lif  shift 18
	Lnew  shift 20
	Lint  shift 21
	Lident  shift 28
	.  error

	expr  goto 131


state 119
	seq : expr Ldot2 . expr  (21)
	expr : expr Ldot2 . expr  (30)

	Lpipe  shift 12
	Llparen  shift 13
	Llcurly  shift 14
	Lbackslash  shift 15
	Ldo  shift 16
	Lif  shift 18
	Lnew  shift 20
	Lint  shift 21
	Lident  shift 28
	.  error

	expr  goto 132


state 120
	lvalue : Lident Llbracket expr Lrbracket .  (15)
	expr : Lident Llbracket expr Lrbracket .  (36)

	Leol  reduce 36
	Leof  reduce 36
	Lsemi  reduce 36
	Lmod  reduce 36
	Lplus  reduce 36
	Lminus  reduce 36
	Lmul  reduce 36
	Ldiv  reduce 36
	Lxor  reduce 36
	Ldot2  reduce 36
	Lrcurly  reduce 36
	Lrem  reduce 36
	Lwrite  reduce 15
	Lend  reduce 36
	Lhead  reduce 36
	Ltail  reduce 36


state 121
	lvalue : Lident Llbracket seq Lrbracket .  (16)
	expr : Lident Llbracket seq Lrbracket .  (37)

	Leol  reduce 37
	Leof  reduce 37
	Lsemi  reduce 37
	Lmod  reduce 37
	Lplus  reduce 37
	Lminus  reduce 37
	Lmul  reduce 37
	Ldiv  reduce 37
	Lxor  reduce 37
	Ldot2  reduce 37
	Lrcurly  reduce 37
	Lrem  reduce 37
	Lwrite  reduce 16
	Lend  reduce 37
	Lhead  reduce 37
	Ltail  reduce 37


state 122
	stmt : Lident params_opt Leq expr .  (5)
	expr : expr . Lplus expr  (24)
	expr : expr . Lminus expr  (25)
	expr : expr . Lmul expr  (26)
	expr : expr . Ldiv expr  (27)
	expr : expr . Lmod expr  (28)
	expr : expr . Lxor expr  (29)
	expr : expr . Ldot2 expr  (30)
	expr : expr . Lhead  (39)
	expr : expr . Ltail  (40)

	Lmod  shift 49
	Lplus  shift 50
	Lminus  shift 51
	Lmul  shift 52
	Ldiv  shift 53
	Lxor  shift 54
	Ldot2  shift 55
	Lhead  shift 56
	Ltail  shift 57
	Leol  reduce 5
	Leof  reduce 5
	Lsemi  reduce 5
	Lrcurly  reduce 5
	Lrem  reduce 5
	Lend  reduce 5


state 123
	expr : Lident Llbracket expr Lrbracket .  (36)

	.  reduce 36


state 124
	expr : Lident Llbracket seq Lrbracket .  (37)

	.  reduce 37


state 125
	expr : Llcurly opt_terms stmts opt_terms Lrcurly .  (34)

	.  reduce 34


state 126
	expr : Ldo opt_terms stmts opt_terms Lend .  (33)

	.  reduce 33


state 127
	stmt : Lfor name_seq_list opt_terms stmts opt_terms . Lend  (7)

	Lend  shift 133
	.  error


state 128
	if_tail : Lelse . expr  (55)

	Lpipe  shift 12
	Llparen  shift 13
	Llcurly  shift 14
	Lbackslash  shift 15
	Ldo  shift 16
	Lif  shift 18
	Lnew  shift 20
	Lint  shift 21
	Lident  shift 28
	.  error

	expr  goto 134


state 129
	expr : Lif condition then_ expr if_tail .  (32)

	.  reduce 32


state 130
	expr : Lnew atype Llbracket expr Lrbracket .  (41)

	.  reduce 41


state 131
	expr : expr . Lplus expr  (24)
	expr : expr . Lminus expr  (25)
	expr : expr . Lmul expr  (26)
	expr : expr . Ldiv expr  (27)
	expr : expr . Lmod expr  (28)
	expr : expr . Lxor expr  (29)
	expr : expr . Ldot2 expr  (30)
	expr : expr . Lhead  (39)
	expr : expr . Ltail  (40)
	args : args Lcomma expr .  (50)

	Lmod  shift 49
	Lplus  shift 50
	Lminus  shift 51
	Lmul  shift 52
	Ldiv  shift 53
	Lxor  shift 54
	Ldot2  shift 55
	Lhead  shift 56
	Ltail  shift 57
	Lrparen  reduce 50
	Lcomma  reduce 50


132: shift/reduce conflict (shift 54, reduce 30) on Lxor
132: reduce/reduce conflict (reduce 21, reduce 30) on Lrbracket
132: shift/reduce conflict (shift 56, reduce 30) on Lhead
132: shift/reduce conflict (shift 57, reduce 30) on Ltail
state 132
	seq : expr Ldot2 expr .  (21)
	expr : expr . Lplus expr  (24)
	expr : expr . Lminus expr  (25)
	expr : expr . Lmul expr  (26)
	expr : expr . Ldiv expr  (27)
	expr : expr . Lmod expr  (28)
	expr : expr . Lxor expr  (29)
	expr : expr . Ldot2 expr  (30)
	expr : expr Ldot2 expr .  (30)
	expr : expr . Lhead  (39)
	expr : expr . Ltail  (40)

	Lmod  shift 49
	Lplus  shift 50
	Lminus  shift 51
	Lmul  shift 52
	Ldiv  shift 53
	Lxor  shift 54
	Lhead  shift 56
	Ltail  shift 57
	Leol  reduce 21
	Lpipe  reduce 21
	Lsemi  reduce 21
	Llparen  reduce 21
	Lcomma  reduce 21
	Llcurly  reduce 21
	Lrem  reduce 21
	Lbackslash  reduce 21
	Lrbracket  reduce 21
	Ldo  reduce 21
	Lend  reduce 21
	Lfor  reduce 21
	Lif  reduce 21
	Lreturn  reduce 21
	Lnew  reduce 21
	Lint  reduce 21
	Lident  reduce 21


state 133
	stmt : Lfor name_seq_list opt_terms stmts opt_terms Lend .  (7)

	.  reduce 7


134: shift/reduce conflict (shift 49, reduce 55) on Lmod
134: shift/reduce conflict (shift 50, reduce 55) on Lplus
134: shift/reduce conflict (shift 51, reduce 55) on Lminus
134: shift/reduce conflict (shift 52, reduce 55) on Lmul
134: shift/reduce conflict (shift 53, reduce 55) on Ldiv
134: shift/reduce conflict (shift 54, reduce 55) on Lxor
134: shift/reduce conflict (shift 55, reduce 55) on Ldot2
134: shift/reduce conflict (shift 56, reduce 55) on Lhead
134: shift/reduce conflict (shift 57, reduce 55) on Ltail
state 134
	expr : expr . Lplus expr  (24)
	expr : expr . Lminus expr  (25)
	expr : expr . Lmul expr  (26)
	expr : expr . Ldiv expr  (27)
	expr : expr . Lmod expr  (28)
	expr : expr . Lxor expr  (29)
	expr : expr . Ldot2 expr  (30)
	expr : expr . Lhead  (39)
	expr : expr . Ltail  (40)
	if_tail : Lelse expr .  (55)

	Lmod  shift 49
	Lplus  shift 50
	Lminus  shift 51
	Lmul  shift 52
	Ldiv  shift 53
	Lxor  shift 54
	Ldot2  shift 55
	Lhead  shift 56
	Ltail  shift 57
	Leol  reduce 55
	Leof  reduce 55
	Lpipe  reduce 55
	Lsemi  reduce 55
	Llt  reduce 55
	Lgt  reduce 55
	Leq  reduce 55
	Lneq  reduce 55
	Llparen  reduce 55
	Lrparen  reduce 55
	Land  reduce 55
	Lor  reduce 55
	Lcomma  reduce 55
	Llcurly  reduce 55
	Lrcurly  reduce 55
	Lrem  reduce 55
	Lbackslash  reduce 55
	Lrbracket  reduce 55
	Ldo  reduce 55
	Lend  reduce 55
	Lfor  reduce 55
	Lif  reduce 55
	Lthen  reduce 55
	Lelse  reduce 55
	Lreturn  reduce 55
	Lnew  reduce 55
	Lint  reduce 55
	Lident  reduce 55


State 1 contains 3 shift/reduce conflicts.
State 8 contains 3 shift/reduce conflicts.
State 14 contains 3 shift/reduce conflicts.
State 16 contains 3 shift/reduce conflicts.
State 28 contains 1 shift/reduce conflict.
State 36 contains 3 shift/reduce conflicts.
State 80 contains 2 reduce/reduce conflicts.
State 84 contains 1 shift/reduce conflict, 1 reduce/reduce conflict.
State 90 contains 3 shift/reduce conflicts.
State 91 contains 3 shift/reduce conflicts.
State 92 contains 3 shift/reduce conflicts.
State 93 contains 3 shift/reduce conflicts.
State 94 contains 3 shift/reduce conflicts.
State 95 contains 9 shift/reduce conflicts.
State 96 contains 3 shift/reduce conflicts.
State 102 contains 9 shift/reduce conflicts.
State 114 contains 10 shift/reduce conflicts.
State 132 contains 3 shift/reduce conflicts, 1 reduce/reduce conflict.
State 134 contains 9 shift/reduce conflicts.


51 terminals, 21 nonterminals
67 grammar rules, 135 states
